-- The C compiler identification is GNU 11.4.0
-- The CXX compiler identification is GNU 11.4.0
-- Detecting C compiler ABI info
-- Detecting C compiler ABI info - done
-- Check for working C compiler: /usr/bin/cc - skipped
-- Detecting C compile features
-- Detecting C compile features - done
-- Detecting CXX compiler ABI info
-- Detecting CXX compiler ABI info - done
-- Check for working CXX compiler: /usr/bin/c++ - skipped
-- Detecting CXX compile features
-- Detecting CXX compile features - done
-- Found ament_cmake: 2.3.2 (/opt/ros/rolling/share/ament_cmake/cmake)
-- Found Python3: /usr/bin/python3.10 (found version "3.10.12") found components: Interpreter 
-- Found rclcpp: 27.0.0 (/opt/ros/rolling/share/rclcpp/cmake)
-- Found rosidl_generator_c: 4.5.1 (/opt/ros/rolling/share/rosidl_generator_c/cmake)
-- Found rosidl_generator_cpp: 4.5.1 (/opt/ros/rolling/share/rosidl_generator_cpp/cmake)
-- Using all available rosidl_typesupport_c: rosidl_typesupport_fastrtps_c;rosidl_typesupport_introspection_c
-- Using all available rosidl_typesupport_cpp: rosidl_typesupport_fastrtps_cpp;rosidl_typesupport_introspection_cpp
-- Found rmw_implementation_cmake: 7.3.0 (/opt/ros/rolling/share/rmw_implementation_cmake/cmake)
-- Found rmw_fastrtps_cpp: 8.2.0 (/opt/ros/rolling/share/rmw_fastrtps_cpp/cmake)
-- Found OpenSSL: /usr/lib/x86_64-linux-gnu/libcrypto.so (found version "3.0.2")  
-- Found FastRTPS: /opt/ros/rolling/include  
-- Using RMW implementation 'rmw_fastrtps_cpp' as default
-- Found std_msgs: 5.3.0 (/opt/ros/rolling/share/std_msgs/cmake)
-- Found tutorial_interfaces: 0.0.0 (/home/fall/ros2_ws_firstPubSub/install/tutorial_interfaces/share/tutorial_interfaces/cmake)
-- Configuring done
-- Generating done
-- Build files have been written to: /home/fall/ros2_ws_firstPubSub/src/cpp_pubsub/build/cpp_pubsub
[ 25%] [32mBuilding CXX object CMakeFiles/talker.dir/src/publisher_lambda_function.cpp.o[0m
[ 50%] [32mBuilding CXX object CMakeFiles/listener.dir/src/subscriber_lambda_function.cpp.o[0m
In file included from [01m[K/opt/ros/rolling/include/rclcpp/rclcpp/logging.hpp:24[m[K,
                 from [01m[K/opt/ros/rolling/include/rclcpp/rclcpp/copy_all_parameter_values.hpp:27[m[K,
                 from [01m[K/opt/ros/rolling/include/rclcpp/rclcpp/rclcpp.hpp:171[m[K,
                 from [01m[K/home/fall/ros2_ws_firstPubSub/src/cpp_pubsub/src/subscriber_lambda_function.cpp:17[m[K:
[01m[K/home/fall/ros2_ws_firstPubSub/src/cpp_pubsub/src/subscriber_lambda_function.cpp:[m[K In lambda function:
[01m[K/home/fall/ros2_ws_firstPubSub/src/cpp_pubsub/src/subscriber_lambda_function.cpp:29:63:[m[K [01;31m[Kerror: [m[Kinvalid operands of types â€˜[01m[Kconst _num_type[m[Kâ€™ {aka â€˜[01m[Kconst long int[m[Kâ€™} and â€˜[01m[Kconst char [2][m[Kâ€™ to binary â€˜[01m[Koperator<<[m[Kâ€™
   29 |         RCLCPP_INFO(this->get_logger(), "I heard: '", [32m[Kmsg.num[m[K [01;31m[K<<[m[K [34m[K"'"[m[K);
      |                                                       [32m[K~~~~~~~[m[K [01;31m[K^~[m[K [34m[K~~~[m[K
      |                                                           [32m[K|[m[K      [34m[K|[m[K
      |                                                           [32m[K|[m[K      [34m[Kconst char [2][m[K
      |                                                           [32m[Kconst _num_type {aka const long int}[m[K
[ 75%] [32m[1mLinking CXX executable talker[0m
gmake[2]: *** [CMakeFiles/listener.dir/build.make:76: CMakeFiles/listener.dir/src/subscriber_lambda_function.cpp.o] Error 1
gmake[1]: *** [CMakeFiles/Makefile2:165: CMakeFiles/listener.dir/all] Error 2
gmake[1]: *** Waiting for unfinished jobs....
[ 75%] Built target talker
gmake: *** [Makefile:146: all] Error 2
